
Showing logs for build [32mcb-kubecd-environment-pr-102-95-w266p-1[0m stage [32mfrom-build-pack[0m and container [32mstep-credential-initializer-sbw2p[0m
{"level":"warn","ts":1576835590.9571865,"logger":"fallback-logger","caller":"logging/config.go:69","msg":"Fetch GitHub commit ID from kodata failed: \"ref: refs/heads/master\" is not a valid GitHub commit ID"}
{"level":"info","ts":1576835590.9576812,"logger":"fallback-logger","caller":"creds-init/main.go:40","msg":"Credentials initialized."}

Showing logs for build [32mcb-kubecd-environment-pr-102-95-w266p-1[0m stage [32mfrom-build-pack[0m and container [32mstep-working-dir-initializer-pnlt8[0m
{"level":"warn","ts":1576835592.369584,"logger":"fallback-logger","caller":"logging/config.go:69","msg":"Fetch GitHub commit ID from kodata failed: open /var/run/ko/HEAD: no such file or directory"}
{"level":"info","ts":1576835592.3717465,"logger":"fallback-logger","caller":"bash/main.go:65","msg":"Successfully executed command \"mkdir -p /workspace/source\""}

Showing logs for build [32mcb-kubecd-environment-pr-102-95-w266p-1[0m stage [32mfrom-build-pack[0m and container [32mstep-place-tools[0m

Showing logs for build [32mcb-kubecd-environment-pr-102-95-w266p-1[0m stage [32mfrom-build-pack[0m and container [32mstep-git-source-cb-kubecd-environment-pr-102-95-7mhfk[0m
{"level":"warn","ts":1576835598.543262,"logger":"fallback-logger","caller":"logging/config.go:69","msg":"Fetch GitHub commit ID from kodata failed: \"ref: refs/heads/master\" is not a valid GitHub commit ID"}
{"level":"info","ts":1576835599.7135844,"logger":"fallback-logger","caller":"git/git.go:102","msg":"Successfully cloned https://github.com/cb-kubecd/environment-pr-102-95-boot-vault-gke-staging.git @ master in path /workspace/source"}

Showing logs for build [32mcb-kubecd-environment-pr-102-95-w266p-1[0m stage [32mfrom-build-pack[0m and container [32mstep-git-merge[0m
Using SHAs from PULL_REFS=master:6ff5c2cb68e3e7bda9c16934b42fbe2e369bab4d,1:89f09039851d8ad030eb6f4f45ff66ed59616aeb
DEBUG: ran git fetch --unshallow origin 89f09039851d8ad030eb6f4f45ff66ed59616aeb: 6ff5c2cb68e3e7bda9c16934b42fbe2e369bab4d: in 
DEBUG: ran git checkout master in 
DEBUG: ran git reset --hard 6ff5c2cb68e3e7bda9c16934b42fbe2e369bab4d in 
DEBUG: ran clean --force -d . in 
DEBUG: ran git merge 89f09039851d8ad030eb6f4f45ff66ed59616aeb in 
Merged SHA 89f09039851d8ad030eb6f4f45ff66ed59616aeb with commit message 'chore: Promote bdd-spring-1576835297 to version 0.0.1' into base branch master

Showing logs for build [32mcb-kubecd-environment-pr-102-95-w266p-1[0m stage [32mfrom-build-pack[0m and container [32mstep-build-helm-build[0m
WARNING: No $CHART_REPOSITORY defined so using the default value of: http://jenkins-x-chartmuseum:8080
Adding missing Helm repo: storage.googleapis.com https://storage.googleapis.com/chartmuseum.jenkins-x.io
Read credentials for https://storage.googleapis.com/chartmuseum.jenkins-x.io from vault helm/repos
Successfully added Helm repository storage.googleapis.com.
Adding missing Helm repo: jenkins-x-chartmuseum http://jenkins-x-chartmuseum:8080
Read credentials for http://jenkins-x-chartmuseum:8080 from vault helm/repos
Successfully added Helm repository jenkins-x-chartmuseum.
WARNING: No $CHART_REPOSITORY defined so using the default value of: http://jenkins-x-chartmuseum:8080
Adding missing Helm repo: chartmuseum.jenkins-x.io http://chartmuseum.jenkins-x.io
Read credentials for http://chartmuseum.jenkins-x.io from vault helm/repos
Successfully added Helm repository chartmuseum.jenkins-x.io.
