
Showing logs for build [32mcb-kubecd-environment-pr-102-95-lw5xv-1[0m stage [32mfrom-build-pack[0m and container [32mstep-credential-initializer-frxjw[0m
{"level":"warn","ts":1576838686.836185,"logger":"fallback-logger","caller":"logging/config.go:69","msg":"Fetch GitHub commit ID from kodata failed: \"ref: refs/heads/master\" is not a valid GitHub commit ID"}
{"level":"info","ts":1576838686.8366795,"logger":"fallback-logger","caller":"creds-init/main.go:40","msg":"Credentials initialized."}

Showing logs for build [32mcb-kubecd-environment-pr-102-95-lw5xv-1[0m stage [32mfrom-build-pack[0m and container [32mstep-working-dir-initializer-5ck56[0m
{"level":"warn","ts":1576838687.249752,"logger":"fallback-logger","caller":"logging/config.go:69","msg":"Fetch GitHub commit ID from kodata failed: open /var/run/ko/HEAD: no such file or directory"}
{"level":"info","ts":1576838687.254236,"logger":"fallback-logger","caller":"bash/main.go:65","msg":"Successfully executed command \"mkdir -p /workspace/source\""}

Showing logs for build [32mcb-kubecd-environment-pr-102-95-lw5xv-1[0m stage [32mfrom-build-pack[0m and container [32mstep-place-tools[0m

Showing logs for build [32mcb-kubecd-environment-pr-102-95-lw5xv-1[0m stage [32mfrom-build-pack[0m and container [32mstep-git-source-cb-kubecd-environment-pr-102-95-mlvzg[0m
{"level":"warn","ts":1576838692.539117,"logger":"fallback-logger","caller":"logging/config.go:69","msg":"Fetch GitHub commit ID from kodata failed: \"ref: refs/heads/master\" is not a valid GitHub commit ID"}
{"level":"info","ts":1576838693.6814213,"logger":"fallback-logger","caller":"git/git.go:102","msg":"Successfully cloned https://github.com/cb-kubecd/environment-pr-102-95-boot-vault-gke-staging.git @ master in path /workspace/source"}

Showing logs for build [32mcb-kubecd-environment-pr-102-95-lw5xv-1[0m stage [32mfrom-build-pack[0m and container [32mstep-git-merge[0m
Using SHAs from PULL_REFS=master:0905ee78033d83adb4551ea5b0169653039a90e5,3:8cd558b96e164ea9665a823caee958fc9a70af51
DEBUG: ran git fetch --unshallow origin 8cd558b96e164ea9665a823caee958fc9a70af51: 0905ee78033d83adb4551ea5b0169653039a90e5: in 
DEBUG: ran git checkout master in 
DEBUG: ran git reset --hard 0905ee78033d83adb4551ea5b0169653039a90e5 in 
DEBUG: ran clean --force -d . in 
DEBUG: ran git merge 8cd558b96e164ea9665a823caee958fc9a70af51 in 
Merged SHA 8cd558b96e164ea9665a823caee958fc9a70af51 with commit message 'chore: Promote bdd-nh-1576837248 to version 0.0.1' into base branch master

Showing logs for build [32mcb-kubecd-environment-pr-102-95-lw5xv-1[0m stage [32mfrom-build-pack[0m and container [32mstep-build-helm-build[0m
WARNING: No $CHART_REPOSITORY defined so using the default value of: http://jenkins-x-chartmuseum:8080
Adding missing Helm repo: storage.googleapis.com https://storage.googleapis.com/chartmuseum.jenkins-x.io
Read credentials for https://storage.googleapis.com/chartmuseum.jenkins-x.io from vault helm/repos
Successfully added Helm repository storage.googleapis.com.
Adding missing Helm repo: jenkins-x-chartmuseum http://jenkins-x-chartmuseum:8080
Read credentials for http://jenkins-x-chartmuseum:8080 from vault helm/repos
Successfully added Helm repository jenkins-x-chartmuseum.
WARNING: No $CHART_REPOSITORY defined so using the default value of: http://jenkins-x-chartmuseum:8080
Adding missing Helm repo: chartmuseum.jenkins-x.io http://chartmuseum.jenkins-x.io
Read credentials for http://chartmuseum.jenkins-x.io from vault helm/repos
Successfully added Helm repository chartmuseum.jenkins-x.io.
