
Showing logs for build [32mcb-kubecd-environment-pr-102-95-2tq6f-1[0m stage [32mfrom-build-pack[0m and container [32mstep-credential-initializer-cz4md[0m
{"level":"warn","ts":1576839947.761376,"logger":"fallback-logger","caller":"logging/config.go:69","msg":"Fetch GitHub commit ID from kodata failed: \"ref: refs/heads/master\" is not a valid GitHub commit ID"}
{"level":"info","ts":1576839947.7818263,"logger":"fallback-logger","caller":"creds-init/main.go:40","msg":"Credentials initialized."}

Showing logs for build [32mcb-kubecd-environment-pr-102-95-2tq6f-1[0m stage [32mfrom-build-pack[0m and container [32mstep-working-dir-initializer-xjgv2[0m
{"level":"warn","ts":1576839948.659495,"logger":"fallback-logger","caller":"logging/config.go:69","msg":"Fetch GitHub commit ID from kodata failed: open /var/run/ko/HEAD: no such file or directory"}
{"level":"info","ts":1576839948.6619015,"logger":"fallback-logger","caller":"bash/main.go:65","msg":"Successfully executed command \"mkdir -p /workspace/source\""}

Showing logs for build [32mcb-kubecd-environment-pr-102-95-2tq6f-1[0m stage [32mfrom-build-pack[0m and container [32mstep-place-tools[0m

Showing logs for build [32mcb-kubecd-environment-pr-102-95-2tq6f-1[0m stage [32mfrom-build-pack[0m and container [32mstep-git-source-cb-kubecd-environment-pr-102-95-cfc8l[0m
{"level":"warn","ts":1576839952.8777788,"logger":"fallback-logger","caller":"logging/config.go:69","msg":"Fetch GitHub commit ID from kodata failed: \"ref: refs/heads/master\" is not a valid GitHub commit ID"}
{"level":"info","ts":1576839954.0158658,"logger":"fallback-logger","caller":"git/git.go:102","msg":"Successfully cloned https://github.com/cb-kubecd/environment-pr-102-95-boot-vault-gke-staging.git @ master in path /workspace/source"}

Showing logs for build [32mcb-kubecd-environment-pr-102-95-2tq6f-1[0m stage [32mfrom-build-pack[0m and container [32mstep-git-merge[0m
Using SHAs from PULL_REFS=master:268e4e768e2891e82eaf78191488b21aacdc8915,4:bdbf74a461f127715ffadb400a69f1e4b49385a7
DEBUG: ran git fetch --unshallow origin bdbf74a461f127715ffadb400a69f1e4b49385a7: 268e4e768e2891e82eaf78191488b21aacdc8915: in 
DEBUG: ran git checkout master in 
DEBUG: ran git reset --hard 268e4e768e2891e82eaf78191488b21aacdc8915 in 
DEBUG: ran clean --force -d . in 
DEBUG: ran git merge bdbf74a461f127715ffadb400a69f1e4b49385a7 in 
Merged SHA bdbf74a461f127715ffadb400a69f1e4b49385a7 with commit message 'chore: Promote bdd-sbhg-1576837248 to version 0.0.1' into base branch master

Showing logs for build [32mcb-kubecd-environment-pr-102-95-2tq6f-1[0m stage [32mfrom-build-pack[0m and container [32mstep-build-helm-build[0m
WARNING: No $CHART_REPOSITORY defined so using the default value of: http://jenkins-x-chartmuseum:8080
Adding missing Helm repo: storage.googleapis.com https://storage.googleapis.com/chartmuseum.jenkins-x.io
Read credentials for https://storage.googleapis.com/chartmuseum.jenkins-x.io from vault helm/repos
Successfully added Helm repository storage.googleapis.com.
Adding missing Helm repo: jenkins-x-chartmuseum http://jenkins-x-chartmuseum:8080
Read credentials for http://jenkins-x-chartmuseum:8080 from vault helm/repos
Successfully added Helm repository jenkins-x-chartmuseum.
WARNING: No $CHART_REPOSITORY defined so using the default value of: http://jenkins-x-chartmuseum:8080
Adding missing Helm repo: chartmuseum.jenkins-x.io http://chartmuseum.jenkins-x.io
Read credentials for http://chartmuseum.jenkins-x.io from vault helm/repos
Successfully added Helm repository chartmuseum.jenkins-x.io.
